{
  "RSpec": {
    "coverage": {
      "C:/Users/Nikas Zalias/Desktop/MIF/Ruby/II-uzd/spec/admin_spec.rb": [
        1,
        1,
        1,
        null,
        1,
        1,
        1,
        4,
        null,
        null,
        null,
        null,
        null,
        4,
        null,
        null,
        1,
        1,
        null,
        1,
        1,
        null,
        1,
        1,
        null,
        1,
        1,
        null,
        null,
        null
      ],
      "C:/Users/Nikas Zalias/Desktop/MIF/Ruby/II-uzd/lib/admin.rb": [
        1,
        1,
        1,
        1,
        null,
        null,
        1,
        1,
        null,
        null,
        1,
        38,
        38,
        38,
        38,
        null,
        null,
        1,
        4,
        null,
        null
      ],
      "C:/Users/Nikas Zalias/Desktop/MIF/Ruby/II-uzd/lib/user.rb": [
        1,
        1,
        null,
        null,
        1,
        1,
        null,
        null,
        null,
        null,
        null,
        null,
        null,
        1,
        80,
        80,
        80,
        80,
        80,
        80,
        80,
        80,
        null,
        null,
        1,
        92,
        92,
        92,
        92,
        92,
        null,
        null,
        1,
        92,
        92,
        92,
        92,
        92,
        null,
        null,
        1,
        92,
        92,
        null,
        null,
        1,
        11,
        null,
        null,
        null,
        1,
        11,
        null,
        11,
        null,
        11,
        null,
        null
      ],
      "C:/Users/Nikas Zalias/Desktop/MIF/Ruby/II-uzd/lib/hosting.rb": [
        1,
        1,
        1,
        1,
        1,
        1,
        null,
        null,
        1,
        1,
        null,
        1,
        34,
        34,
        34,
        34,
        34,
        34,
        34,
        null,
        null,
        1,
        8,
        null,
        null,
        1,
        23,
        null,
        null,
        1,
        6,
        null,
        null,
        1,
        3,
        null,
        null,
        1,
        1,
        null,
        null,
        1,
        1,
        null,
        null,
        1,
        1,
        null,
        null,
        1,
        1,
        null,
        null,
        1,
        1,
        null,
        null,
        1,
        2,
        1,
        1,
        1,
        null,
        null,
        null,
        1,
        1,
        1,
        1,
        1,
        null,
        null,
        null,
        1,
        1,
        1,
        1,
        null,
        null,
        null,
        1,
        2,
        2,
        1,
        null,
        1,
        null,
        null,
        null,
        null,
        1,
        2,
        1,
        1,
        1,
        1,
        1,
        null,
        null,
        null,
        1,
        9,
        9,
        8,
        8,
        8,
        8,
        8,
        0,
        0,
        0,
        null,
        0,
        null,
        null,
        null,
        1,
        null,
        null,
        null,
        null,
        1,
        9,
        9,
        9,
        9,
        null,
        null,
        null,
        null,
        1,
        1,
        1,
        null,
        null,
        null,
        1,
        4,
        4,
        null,
        null,
        null,
        1,
        0,
        0,
        null,
        null,
        null,
        1,
        1,
        null,
        null,
        1,
        1,
        1,
        null,
        null,
        null,
        1,
        null,
        1,
        1,
        1,
        1,
        1,
        null,
        null,
        1,
        1,
        1,
        0,
        null,
        1,
        null,
        null,
        null,
        1,
        2,
        2,
        2,
        2,
        2,
        2,
        2,
        2,
        null,
        null,
        1,
        0,
        0,
        0,
        0,
        0,
        0,
        0,
        0,
        null,
        null,
        1,
        4,
        4,
        null,
        null,
        1,
        3,
        3,
        3,
        3,
        3,
        3,
        null,
        null,
        null,
        null,
        null,
        null,
        1,
        1,
        1,
        1,
        1,
        1,
        null,
        null,
        null,
        null,
        1,
        1,
        1,
        1,
        1,
        1,
        null,
        null,
        null,
        null,
        null
      ],
      "C:/Users/Nikas Zalias/Desktop/MIF/Ruby/II-uzd/lib/server.rb": [
        1,
        1,
        1,
        1,
        null,
        null,
        1,
        1,
        null,
        1,
        37,
        37,
        37,
        null,
        null,
        1,
        3,
        null,
        null
      ],
      "C:/Users/Nikas Zalias/Desktop/MIF/Ruby/II-uzd/lib/domain.rb": [
        1,
        1,
        1,
        1,
        null,
        null,
        1,
        1,
        null,
        1,
        37,
        37,
        37,
        null,
        null,
        1,
        3,
        null,
        null
      ],
      "C:/Users/Nikas Zalias/Desktop/MIF/Ruby/II-uzd/spec/domain_spec.rb": [
        1,
        1,
        1,
        null,
        1,
        1,
        1,
        3,
        null,
        null,
        null,
        null,
        3,
        null,
        null,
        1,
        1,
        null,
        1,
        1,
        null,
        1,
        1,
        null,
        null,
        null
      ],
      "C:/Users/Nikas Zalias/Desktop/MIF/Ruby/II-uzd/spec/hosting_spec.rb": [
        1,
        1,
        1,
        1,
        1,
        1,
        null,
        1,
        1,
        1,
        34,
        34,
        34,
        null,
        34,
        null,
        34,
        34,
        null,
        null,
        1,
        1,
        1,
        null,
        null,
        1,
        1,
        1,
        null,
        null,
        1,
        1,
        1,
        1,
        null,
        null,
        1,
        1,
        1,
        1,
        null,
        null,
        1,
        1,
        1,
        null,
        null,
        1,
        1,
        1,
        1,
        null,
        null,
        1,
        1,
        1,
        1,
        1,
        null,
        null,
        1,
        1,
        1,
        1,
        1,
        null,
        null,
        1,
        1,
        1,
        1,
        null,
        null,
        1,
        1,
        1,
        1,
        1,
        null,
        null,
        1,
        1,
        1,
        1,
        null,
        null,
        1,
        1,
        null,
        1,
        null,
        null,
        1,
        1,
        1,
        null,
        1,
        null,
        null,
        1,
        1,
        1,
        1,
        null,
        null,
        1,
        1,
        1,
        1,
        null,
        null,
        1,
        1,
        1,
        1,
        null,
        null,
        1,
        1,
        1,
        1,
        1,
        null,
        null,
        1,
        1,
        1,
        1,
        null,
        1,
        1,
        1,
        1,
        1,
        1,
        1,
        null,
        null,
        1,
        1,
        1,
        1,
        null,
        null,
        1,
        1,
        1,
        1,
        1,
        1,
        1,
        1,
        1,
        1,
        null,
        null,
        1,
        1,
        1,
        null,
        null,
        null,
        1,
        1,
        1,
        1,
        1,
        1,
        1,
        null,
        1,
        1,
        null,
        null,
        1,
        1,
        1,
        null,
        null,
        1,
        1,
        1,
        null,
        null,
        null,
        null,
        null,
        null,
        null,
        null,
        1,
        1,
        1,
        null,
        null,
        1,
        1,
        1,
        null,
        null,
        null,
        null,
        null,
        null,
        1,
        1,
        1,
        1,
        null,
        null,
        1,
        1,
        1,
        1,
        1,
        null,
        null,
        1,
        1,
        1,
        1,
        1,
        null,
        null,
        1,
        1,
        1,
        1,
        1,
        1,
        null,
        null,
        1,
        1,
        1,
        null,
        null,
        1,
        1,
        1,
        1,
        null,
        null,
        1,
        1,
        1,
        1,
        null,
        null,
        1,
        1,
        1,
        1,
        null,
        null,
        null,
        null
      ],
      "C:/Users/Nikas Zalias/Desktop/MIF/Ruby/II-uzd/spec/server_spec.rb": [
        1,
        1,
        1,
        null,
        1,
        1,
        1,
        3,
        null,
        null,
        null,
        null,
        3,
        null,
        null,
        1,
        1,
        null,
        1,
        1,
        null,
        1,
        1,
        null,
        null,
        null
      ],
      "C:/Users/Nikas Zalias/Desktop/MIF/Ruby/II-uzd/spec/user_spec.rb": [
        1,
        1,
        1,
        null,
        1,
        1,
        1,
        11,
        null,
        null,
        null,
        null,
        null,
        null,
        11,
        11,
        null,
        null,
        null,
        null,
        null,
        null,
        null,
        null,
        11,
        null,
        null,
        null,
        1,
        1,
        null,
        null,
        1,
        1,
        null,
        null,
        1,
        1,
        null,
        null,
        1,
        1,
        null,
        null,
        1,
        1,
        null,
        null,
        1,
        1,
        null,
        null,
        1,
        1,
        null,
        null,
        1,
        1,
        null,
        null,
        1,
        1,
        null,
        null,
        1,
        1,
        null,
        null,
        1,
        1,
        null,
        null,
        null
      ]
    },
    "timestamp": 1447714312
  },
  "Unknown Test Framework": {
    "coverage": {
    },
    "timestamp": 1447700798
  }
}
